─ Session info ──────────────────────────────────────────────────────────────────────────────────────
 setting  value                       
 version  R version 4.0.4 (2021-02-15)
 os       macOS Catalina 10.15.7      
 system   x86_64, darwin17.0          
 ui       RStudio                     
 language (EN)                        
 collate  en_US.UTF-8                 
 ctype    en_US.UTF-8                 
 tz       Europe/Warsaw               
 date     2021-12-15                  

─ Packages ──────────────────────────────────────────────────────────────────────────────────────────
 package     * version  date       lib source        
 abind         1.4-5    2016-07-21 [1] CRAN (R 4.0.2)
 assertthat    0.2.1    2019-03-21 [1] CRAN (R 4.0.4)
 backports     1.2.1    2020-12-09 [1] CRAN (R 4.0.2)
 broom       * 0.7.9    2021-07-27 [1] CRAN (R 4.0.2)
 car         * 3.0-11   2021-06-27 [1] CRAN (R 4.0.2)
 carData     * 3.0-4    2020-05-22 [1] CRAN (R 4.0.2)
 cellranger    1.1.0    2016-07-27 [1] CRAN (R 4.0.2)
 cli           3.0.1    2021-07-17 [1] CRAN (R 4.0.2)
 clipr         0.7.1    2020-10-08 [1] CRAN (R 4.0.2)
 colorspace    2.0-2    2021-06-24 [1] CRAN (R 4.0.2)
 crayon        1.4.1    2021-02-08 [1] CRAN (R 4.0.4)
 curl          4.3.2    2021-06-23 [1] CRAN (R 4.0.2)
 data.table    1.14.2   2021-09-27 [1] CRAN (R 4.0.2)
 DBI           1.1.1    2021-01-15 [1] CRAN (R 4.0.2)
 dbplyr        2.1.1    2021-04-06 [1] CRAN (R 4.0.2)
 digest        0.6.28   2021-09-23 [1] CRAN (R 4.0.2)
 dplyr       * 1.0.7    2021-06-18 [1] CRAN (R 4.0.2)
 ellipsis      0.3.2    2021-04-29 [1] CRAN (R 4.0.2)
 evaluate      0.14     2019-05-28 [1] CRAN (R 4.0.1)
 fansi         0.5.0    2021-05-25 [1] CRAN (R 4.0.2)
 fastmap       1.1.0    2021-01-25 [1] CRAN (R 4.0.2)
 filehash      2.4-2    2019-04-17 [1] CRAN (R 4.0.2)
 forcats     * 0.5.1    2021-01-27 [1] CRAN (R 4.0.2)
 foreign       0.8-81   2020-12-22 [1] CRAN (R 4.0.4)
 fs            1.5.0    2020-07-31 [1] CRAN (R 4.0.2)
 generics      0.1.0    2020-10-31 [1] CRAN (R 4.0.2)
 ggplot2     * 3.3.5    2021-06-25 [1] CRAN (R 4.0.2)
 glue          1.4.2    2020-08-27 [1] CRAN (R 4.0.2)
 gtable        0.3.0    2019-03-25 [1] CRAN (R 4.0.4)
 haven         2.4.3    2021-08-04 [1] CRAN (R 4.0.2)
 hms           1.1.1    2021-09-26 [1] CRAN (R 4.0.2)
 htmltools     0.5.2    2021-08-25 [1] CRAN (R 4.0.2)
 httr          1.4.2    2020-07-20 [1] CRAN (R 4.0.2)
 jsonlite      1.7.2    2020-12-09 [1] CRAN (R 4.0.2)
 jtools      * 2.1.4    2021-09-03 [1] CRAN (R 4.0.2)
 kableExtra  * 1.3.4    2021-02-20 [1] CRAN (R 4.0.2)
 knitr         1.36     2021-09-29 [1] CRAN (R 4.0.2)
 lattice       0.20-45  2021-09-22 [1] CRAN (R 4.0.2)
 lifecycle     1.0.1    2021-09-24 [1] CRAN (R 4.0.2)
 lubridate     1.8.0    2021-10-07 [1] CRAN (R 4.0.2)
 magrittr      2.0.1    2020-11-17 [1] CRAN (R 4.0.2)
 Matrix      * 1.3-4    2021-06-01 [1] CRAN (R 4.0.2)
 mice        * 3.13.0   2021-01-27 [1] CRAN (R 4.0.2)
 miceadds    * 3.11-6   2021-01-21 [1] CRAN (R 4.0.2)
 mitools     * 2.4      2019-04-26 [1] CRAN (R 4.0.2)
 modelr      * 0.1.8    2020-05-19 [1] CRAN (R 4.0.2)
 munsell       0.5.0    2018-06-12 [1] CRAN (R 4.0.2)
 openxlsx      4.2.4    2021-06-16 [1] CRAN (R 4.0.2)
 pander        0.6.4    2021-06-13 [1] CRAN (R 4.0.2)
 pillar        1.6.3    2021-09-26 [1] CRAN (R 4.0.2)
 pkgconfig     2.0.3    2019-09-22 [1] CRAN (R 4.0.4)
 purrr       * 0.3.4    2020-04-17 [1] CRAN (R 4.0.2)
 R6            2.5.1    2021-08-19 [1] CRAN (R 4.0.2)
 Rcpp          1.0.7    2021-07-07 [1] CRAN (R 4.0.2)
 readr       * 2.0.2    2021-09-27 [1] CRAN (R 4.0.2)
 readxl        1.3.1    2019-03-13 [1] CRAN (R 4.0.2)
 reprex        2.0.1    2021-08-05 [1] CRAN (R 4.0.2)
 rio           0.5.27   2021-06-21 [1] CRAN (R 4.0.2)
 rlang         0.4.11   2021-04-30 [1] CRAN (R 4.0.2)
 rmarkdown     2.11     2021-09-14 [1] CRAN (R 4.0.2)
 rstudioapi    0.13     2020-11-12 [1] CRAN (R 4.0.2)
 rvest         1.0.2    2021-10-16 [1] CRAN (R 4.0.4)
 scales        1.1.1    2020-05-11 [1] CRAN (R 4.0.2)
 sessioninfo   1.1.1    2018-11-05 [1] CRAN (R 4.0.2)
 stringi       1.7.5    2021-10-04 [1] CRAN (R 4.0.2)
 stringr     * 1.4.0    2019-02-10 [1] CRAN (R 4.0.2)
 survey      * 4.1-1    2021-07-19 [1] CRAN (R 4.0.2)
 survival    * 3.2-13   2021-08-24 [1] CRAN (R 4.0.2)
 svglite       2.0.0    2021-02-20 [1] CRAN (R 4.0.2)
 systemfonts   1.0.2    2021-05-11 [1] CRAN (R 4.0.2)
 texreg      * 1.37.5   2020-06-18 [1] CRAN (R 4.0.2)
 tibble      * 3.1.5    2021-09-30 [1] CRAN (R 4.0.2)
 tidyr       * 1.1.4    2021-09-27 [1] CRAN (R 4.0.2)
 tidyselect    1.1.1    2021-04-30 [1] CRAN (R 4.0.2)
 tidyverse   * 1.3.1    2021-04-15 [1] CRAN (R 4.0.2)
 tikzDevice  * 0.12.3.1 2020-06-30 [1] CRAN (R 4.0.2)
 tzdb          0.1.2    2021-07-20 [1] CRAN (R 4.0.2)
 utf8          1.2.2    2021-07-24 [1] CRAN (R 4.0.2)
 vctrs         0.3.8    2021-04-29 [1] CRAN (R 4.0.2)
 viridisLite   0.4.0    2021-04-13 [1] CRAN (R 4.0.2)
 webshot       0.5.2    2019-11-22 [1] CRAN (R 4.0.2)
 withr         2.4.2    2021-04-18 [1] CRAN (R 4.0.2)
 xfun          0.26     2021-09-14 [1] CRAN (R 4.0.2)
 xml2          1.3.2    2020-04-23 [1] CRAN (R 4.0.2)
 zip           2.2.0    2021-05-31 [1] CRAN (R 4.0.2)

[1] /Library/Frameworks/R.framework/Versions/4.0/Resources/library